c:\users\hp\desktop\windows\lab2\x64\release\vc140.pdb
c:\users\hp\desktop\windows\lab2\x64\release\tokenscanner.obj
c:\users\hp\desktop\windows\lab2\x64\release\strlib.obj
c:\users\hp\desktop\windows\lab2\x64\release\simpio.obj
c:\users\hp\desktop\windows\lab2\x64\release\lexicon.obj
c:\users\hp\desktop\windows\lab2\x64\release\error.obj
c:\users\hp\desktop\windows\lab2\x64\release\statement.obj
c:\users\hp\desktop\windows\lab2\x64\release\program.obj
c:\users\hp\desktop\windows\lab2\x64\release\parser.obj
c:\users\hp\desktop\windows\lab2\x64\release\exp.obj
c:\users\hp\desktop\windows\lab2\x64\release\evalstate.obj
c:\users\hp\desktop\windows\lab2\x64\release\basic.obj
c:\users\hp\desktop\windows\x64\release\lab2.exe
c:\users\hp\desktop\windows\x64\release\lab2.ipdb
c:\users\hp\desktop\windows\x64\release\lab2.iobj
c:\users\hp\desktop\windows\x64\release\lab2.pdb
c:\users\hp\desktop\c++\lab4\windows\lab2\x64\release\basic.obj
c:\users\hp\desktop\c++\lab4\windows\lab2\x64\release\error.obj
c:\users\hp\desktop\c++\lab4\windows\lab2\x64\release\evalstate.obj
c:\users\hp\desktop\c++\lab4\windows\lab2\x64\release\exp.obj
c:\users\hp\desktop\c++\lab4\windows\lab2\x64\release\lexicon.obj
c:\users\hp\desktop\c++\lab4\windows\lab2\x64\release\parser.obj
c:\users\hp\desktop\c++\lab4\windows\lab2\x64\release\program.obj
c:\users\hp\desktop\c++\lab4\windows\lab2\x64\release\simpio.obj
c:\users\hp\desktop\c++\lab4\windows\lab2\x64\release\statement.obj
c:\users\hp\desktop\c++\lab4\windows\lab2\x64\release\strlib.obj
c:\users\hp\desktop\c++\lab4\windows\lab2\x64\release\tokenscanner.obj
c:\users\hp\desktop\c++\lab4\windows\lab2\x64\release\vc140.pdb
c:\users\hp\desktop\c++\lab4\windows\x64\release\lab2.pdb
c:\users\hp\desktop\c++\lab4\windows\x64\release\lab2.exe
c:\users\hp\desktop\c++\lab4\windows\lab2\x64\release\lab2.tlog\cl.command.1.tlog
c:\users\hp\desktop\c++\lab4\windows\lab2\x64\release\lab2.tlog\cl.read.1.tlog
c:\users\hp\desktop\c++\lab4\windows\lab2\x64\release\lab2.tlog\cl.write.1.tlog
c:\users\hp\desktop\c++\lab4\windows\lab2\x64\release\lab2.tlog\link.command.1.tlog
c:\users\hp\desktop\c++\lab4\windows\lab2\x64\release\lab2.tlog\link.read.1.tlog
c:\users\hp\desktop\c++\lab4\windows\lab2\x64\release\lab2.tlog\link.write.1.tlog
